<?xml version="1.0" encoding="UTF-8"?>
<!-- Generated by org.testng.reporters.JUnitXMLReporter -->
<testsuite hostname="CSIR2-PC" ignored="11" name="Default test" tests="11" failures="1" timestamp="07 Jun 2018 11:24:00 GMT" time="202.095" errors="0">
  <testcase name="dealsLabelTest" time="0.295" classname="com.crm.qa.testCases.DealsPageTest"/>
  <testcase name="contactsLabelTest" time="0.156" classname="com.crm.qa.testCases.ContactsPageTest"/>
  <testcase name="loginPageTitleTest" time="0.021" classname="com.crm.qa.testCases.LoginPageTest"/>
  <testcase name="homePageTitleTest" time="0.008" classname="com.crm.qa.testCases.HomePageTest"/>
  <testcase name="createNewDealsTest" time="0.0" classname="com.crm.qa.testCases.DealsPageTest">
    <skipped/>
  </testcase> <!-- createNewDealsTest -->
  <testcase name="selectContactsByNameTest" time="10.073" classname="com.crm.qa.testCases.ContactsPageTest">
    <failure type="org.openqa.selenium.NoSuchElementException" message="Unable to locate element: //a[text()=&amp;apos;aaa aaa&amp;apos;]/..//preceding-sibling::td/input
For documentation on this error, please visit: http://seleniumhq.org/exceptions/no_such_element.html
Build info: version: &amp;apos;3.5.3&amp;apos;, revision: &amp;apos;a88d25fe6b&amp;apos;, time: &amp;apos;2017-08-29T12:42:44.417Z&amp;apos;
System info: host: &amp;apos;CSIR2-PC&amp;apos;, ip: &amp;apos;10.43.18.100&amp;apos;, os.name: &amp;apos;Windows 7&amp;apos;, os.arch: &amp;apos;x86&amp;apos;, os.version: &amp;apos;6.1&amp;apos;, java.version: &amp;apos;1.8.0_171&amp;apos;
Driver info: org.openqa.selenium.firefox.FirefoxDriver
Capabilities [{moz:profile=C:\Users\user\AppData\Local\Temp\rust_mozprofile.GKGz9u7zAoJ4, rotatable=false, timeouts={implicit=0, pageLoad=300000, script=30000}, pageLoadStrategy=normal, platform=XP, specificationLevel=0, moz:accessibilityChecks=false, acceptInsecureCerts=false, browserVersion=54.0, platformVersion=6.1, moz:processID=4288, browserName=firefox, javascriptEnabled=true, platformName=XP}]
Session ID: 1b534c7f-5051-4434-b7cd-73b1faa1cfcf
*** Element info: {Using=xpath, value=//a[text()=&amp;apos;aaa aaa&amp;apos;]/..//preceding-sibling::td/input}">
      <![CDATA[org.openqa.selenium.NoSuchElementException: Unable to locate element: //a[text()='aaa aaa']/..//preceding-sibling::td/input
For documentation on this error, please visit: http://seleniumhq.org/exceptions/no_such_element.html
Build info: version: '3.5.3', revision: 'a88d25fe6b', time: '2017-08-29T12:42:44.417Z'
System info: host: 'CSIR2-PC', ip: '10.43.18.100', os.name: 'Windows 7', os.arch: 'x86', os.version: '6.1', java.version: '1.8.0_171'
Driver info: org.openqa.selenium.firefox.FirefoxDriver
Capabilities [{moz:profile=C:\Users\user\AppData\Local\Temp\rust_mozprofile.GKGz9u7zAoJ4, rotatable=false, timeouts={implicit=0, pageLoad=300000, script=30000}, pageLoadStrategy=normal, platform=XP, specificationLevel=0, moz:accessibilityChecks=false, acceptInsecureCerts=false, browserVersion=54.0, platformVersion=6.1, moz:processID=4288, browserName=firefox, javascriptEnabled=true, platformName=XP}]
Session ID: 1b534c7f-5051-4434-b7cd-73b1faa1cfcf
*** Element info: {Using=xpath, value=//a[text()='aaa aaa']/..//preceding-sibling::td/input}
at sun.reflect.NativeConstructorAccessorImpl.newInstance0(Native Method)
at sun.reflect.NativeConstructorAccessorImpl.newInstance(NativeConstructorAccessorImpl.java:62)
at sun.reflect.DelegatingConstructorAccessorImpl.newInstance(DelegatingConstructorAccessorImpl.java:45)
at java.lang.reflect.Constructor.newInstance(Constructor.java:423)
at org.openqa.selenium.remote.http.W3CHttpResponseCodec.createException(W3CHttpResponseCodec.java:185)
at org.openqa.selenium.remote.http.W3CHttpResponseCodec.decode(W3CHttpResponseCodec.java:120)
at org.openqa.selenium.remote.http.W3CHttpResponseCodec.decode(W3CHttpResponseCodec.java:49)
at org.openqa.selenium.remote.HttpCommandExecutor.execute(HttpCommandExecutor.java:164)
at org.openqa.selenium.remote.service.DriverCommandExecutor.execute(DriverCommandExecutor.java:82)
at org.openqa.selenium.remote.RemoteWebDriver.execute(RemoteWebDriver.java:646)
at org.openqa.selenium.remote.RemoteWebDriver.findElement(RemoteWebDriver.java:416)
at org.openqa.selenium.remote.RemoteWebDriver.findElementByXPath(RemoteWebDriver.java:518)
at org.openqa.selenium.By$ByXPath.findElement(By.java:361)
at org.openqa.selenium.remote.RemoteWebDriver.findElement(RemoteWebDriver.java:408)
at sun.reflect.GeneratedMethodAccessor4.invoke(Unknown Source)
at sun.reflect.DelegatingMethodAccessorImpl.invoke(DelegatingMethodAccessorImpl.java:43)
at java.lang.reflect.Method.invoke(Method.java:498)
at org.openqa.selenium.support.events.EventFiringWebDriver$2.invoke(EventFiringWebDriver.java:105)
at com.sun.proxy.$Proxy14.findElement(Unknown Source)
at org.openqa.selenium.support.events.EventFiringWebDriver.findElement(EventFiringWebDriver.java:189)
at com.crm.qa.pages.ContactsPage.validateselectContactsByName(ContactsPage.java:53)
at com.crm.qa.testCases.ContactsPageTest.selectContactsByNameTest(ContactsPageTest.java:65)
at sun.reflect.NativeMethodAccessorImpl.invoke0(Native Method)
at sun.reflect.NativeMethodAccessorImpl.invoke(NativeMethodAccessorImpl.java:62)
at sun.reflect.DelegatingMethodAccessorImpl.invoke(DelegatingMethodAccessorImpl.java:43)
at java.lang.reflect.Method.invoke(Method.java:498)
at org.testng.internal.MethodInvocationHelper.invokeMethod(MethodInvocationHelper.java:124)
at org.testng.internal.Invoker.invokeMethod(Invoker.java:583)
at org.testng.internal.Invoker.invokeTestMethod(Invoker.java:719)
at org.testng.internal.Invoker.invokeTestMethods(Invoker.java:989)
at org.testng.internal.TestMethodWorker.invokeTestMethods(TestMethodWorker.java:125)
at org.testng.internal.TestMethodWorker.run(TestMethodWorker.java:109)
at org.testng.TestRunner.privateRun(TestRunner.java:648)
at org.testng.TestRunner.run(TestRunner.java:505)
at org.testng.SuiteRunner.runTest(SuiteRunner.java:455)
at org.testng.SuiteRunner.runSequentially(SuiteRunner.java:450)
at org.testng.SuiteRunner.privateRun(SuiteRunner.java:415)
at org.testng.SuiteRunner.run(SuiteRunner.java:364)
at org.testng.SuiteRunnerWorker.runSuite(SuiteRunnerWorker.java:52)
at org.testng.SuiteRunnerWorker.run(SuiteRunnerWorker.java:84)
at org.testng.TestNG.runSuitesSequentially(TestNG.java:1208)
at org.testng.TestNG.runSuitesLocally(TestNG.java:1137)
at org.testng.TestNG.runSuites(TestNG.java:1049)
at org.testng.TestNG.run(TestNG.java:1017)
at org.testng.remote.AbstractRemoteTestNG.run(AbstractRemoteTestNG.java:132)
at org.testng.remote.RemoteTestNG.initAndRun(RemoteTestNG.java:230)
at org.testng.remote.RemoteTestNG.main(RemoteTestNG.java:76)
]]>
    </failure>
  </testcase> <!-- selectContactsByNameTest -->
  <testcase name="crmLogoImageTest" time="0.095" classname="com.crm.qa.testCases.LoginPageTest"/>
  <testcase name="correctUserNameTest" time="5.251" classname="com.crm.qa.testCases.HomePageTest"/>
  <testcase name="createNewContactTest" time="0.0" classname="com.crm.qa.testCases.ContactsPageTest">
    <skipped/>
  </testcase> <!-- createNewContactTest -->
  <testcase name="loginTest" time="8.639" classname="com.crm.qa.testCases.LoginPageTest"/>
  <testcase name="clickOnContactsLinkTest" time="1.559" classname="com.crm.qa.testCases.HomePageTest"/>
  <testcase name="@BeforeTest registerLogFile" time="0.0" classname="com.crm.qa.base.TestBase">
    <ignored/>
  </testcase> <!-- @BeforeTest registerLogFile -->
  <testcase name="@BeforeTest registerLogFile" time="0.0" classname="com.crm.qa.base.TestBase">
    <ignored/>
  </testcase> <!-- @BeforeTest registerLogFile -->
  <testcase name="@BeforeTest registerLogFile" time="0.0" classname="com.crm.qa.base.TestBase">
    <ignored/>
  </testcase> <!-- @BeforeTest registerLogFile -->
  <testcase name="@BeforeTest registerLogFile" time="0.0" classname="com.crm.qa.base.TestBase">
    <ignored/>
  </testcase> <!-- @BeforeTest registerLogFile -->
  <testcase name="@BeforeTest registerLogFile" time="0.0" classname="com.crm.qa.base.TestBase">
    <ignored/>
  </testcase> <!-- @BeforeTest registerLogFile -->
  <testcase name="@BeforeTest registerLogFile" time="0.0" classname="com.crm.qa.base.TestBase">
    <ignored/>
  </testcase> <!-- @BeforeTest registerLogFile -->
  <testcase name="@BeforeTest registerLogFile" time="0.0" classname="com.crm.qa.base.TestBase">
    <ignored/>
  </testcase> <!-- @BeforeTest registerLogFile -->
  <testcase name="@BeforeTest registerLogFile" time="0.0" classname="com.crm.qa.base.TestBase">
    <ignored/>
  </testcase> <!-- @BeforeTest registerLogFile -->
  <testcase name="@BeforeTest registerLogFile" time="0.0" classname="com.crm.qa.base.TestBase">
    <ignored/>
  </testcase> <!-- @BeforeTest registerLogFile -->
  <testcase name="@BeforeTest registerLogFile" time="0.0" classname="com.crm.qa.base.TestBase">
    <ignored/>
  </testcase> <!-- @BeforeTest registerLogFile -->
  <testcase name="@BeforeTest registerLogFile" time="0.0" classname="com.crm.qa.base.TestBase">
    <ignored/>
  </testcase> <!-- @BeforeTest registerLogFile -->
</testsuite> <!-- Default test -->
