<?xml version="1.0" encoding="UTF-8"?>
<testng-results skipped="2" failed="1" ignored="11" total="22" passed="8">
  <reporter-output>
  </reporter-output>
  <suite name="Default suite" duration-ms="202095" started-at="2018-06-07T11:20:38Z" finished-at="2018-06-07T11:24:00Z">
    <groups>
    </groups>
    <test name="Default test" duration-ms="202095" started-at="2018-06-07T11:20:38Z" finished-at="2018-06-07T11:24:00Z">
      <class name="com.crm.qa.testCases.HomePageTest">
        <test-method status="PASS" signature="setUp()[pri:0, instance:com.crm.qa.testCases.HomePageTest@11274d2]" name="setUp" is-config="true" duration-ms="18962" started-at="2018-06-07T11:21:48Z" finished-at="2018-06-07T11:22:07Z">
          <reporter-output>
          </reporter-output>
        </test-method> <!-- setUp -->
        <test-method status="PASS" signature="homePageTitleTest()[pri:1, instance:com.crm.qa.testCases.HomePageTest@11274d2]" name="homePageTitleTest" duration-ms="8" started-at="2018-06-07T11:22:07Z" finished-at="2018-06-07T11:22:07Z">
          <reporter-output>
          </reporter-output>
        </test-method> <!-- homePageTitleTest -->
        <test-method status="PASS" signature="tearDown()[pri:0, instance:com.crm.qa.testCases.HomePageTest@11274d2]" name="tearDown" is-config="true" duration-ms="519" started-at="2018-06-07T11:22:07Z" finished-at="2018-06-07T11:22:08Z">
          <reporter-output>
          </reporter-output>
        </test-method> <!-- tearDown -->
        <test-method status="PASS" signature="setUp()[pri:0, instance:com.crm.qa.testCases.HomePageTest@11274d2]" name="setUp" is-config="true" duration-ms="18484" started-at="2018-06-07T11:22:51Z" finished-at="2018-06-07T11:23:09Z">
          <reporter-output>
          </reporter-output>
        </test-method> <!-- setUp -->
        <test-method status="PASS" signature="correctUserNameTest()[pri:2, instance:com.crm.qa.testCases.HomePageTest@11274d2]" name="correctUserNameTest" duration-ms="5251" started-at="2018-06-07T11:23:09Z" finished-at="2018-06-07T11:23:15Z">
          <reporter-output>
          </reporter-output>
        </test-method> <!-- correctUserNameTest -->
        <test-method status="PASS" signature="tearDown()[pri:0, instance:com.crm.qa.testCases.HomePageTest@11274d2]" name="tearDown" is-config="true" duration-ms="532" started-at="2018-06-07T11:23:15Z" finished-at="2018-06-07T11:23:15Z">
          <reporter-output>
          </reporter-output>
        </test-method> <!-- tearDown -->
        <test-method status="PASS" signature="setUp()[pri:0, instance:com.crm.qa.testCases.HomePageTest@11274d2]" name="setUp" is-config="true" duration-ms="23331" started-at="2018-06-07T11:23:35Z" finished-at="2018-06-07T11:23:58Z">
          <reporter-output>
          </reporter-output>
        </test-method> <!-- setUp -->
        <test-method status="PASS" signature="clickOnContactsLinkTest()[pri:3, instance:com.crm.qa.testCases.HomePageTest@11274d2]" name="clickOnContactsLinkTest" duration-ms="1559" started-at="2018-06-07T11:23:58Z" finished-at="2018-06-07T11:24:00Z">
          <reporter-output>
          </reporter-output>
        </test-method> <!-- clickOnContactsLinkTest -->
        <test-method status="PASS" signature="tearDown()[pri:0, instance:com.crm.qa.testCases.HomePageTest@11274d2]" name="tearDown" is-config="true" duration-ms="562" started-at="2018-06-07T11:24:00Z" finished-at="2018-06-07T11:24:00Z">
          <reporter-output>
          </reporter-output>
        </test-method> <!-- tearDown -->
      </class> <!-- com.crm.qa.testCases.HomePageTest -->
      <class name="com.crm.qa.testCases.ContactsPageTest">
        <test-method status="PASS" signature="setUp()[pri:0, instance:com.crm.qa.testCases.ContactsPageTest@11bdc27]" name="setUp" is-config="true" duration-ms="25928" started-at="2018-06-07T11:21:10Z" finished-at="2018-06-07T11:21:36Z">
          <reporter-output>
          </reporter-output>
        </test-method> <!-- setUp -->
        <test-method status="PASS" signature="contactsLabelTest()[pri:1, instance:com.crm.qa.testCases.ContactsPageTest@11bdc27]" name="contactsLabelTest" duration-ms="156" started-at="2018-06-07T11:21:36Z" finished-at="2018-06-07T11:21:36Z">
          <reporter-output>
          </reporter-output>
        </test-method> <!-- contactsLabelTest -->
        <test-method status="PASS" signature="tearDown()[pri:0, instance:com.crm.qa.testCases.ContactsPageTest@11bdc27]" name="tearDown" is-config="true" duration-ms="886" started-at="2018-06-07T11:21:36Z" finished-at="2018-06-07T11:21:37Z">
          <reporter-output>
          </reporter-output>
        </test-method> <!-- tearDown -->
        <test-method status="PASS" signature="setUp()[pri:0, instance:com.crm.qa.testCases.ContactsPageTest@11bdc27]" name="setUp" is-config="true" duration-ms="20505" started-at="2018-06-07T11:22:08Z" finished-at="2018-06-07T11:22:28Z">
          <reporter-output>
          </reporter-output>
        </test-method> <!-- setUp -->
        <test-method status="FAIL" signature="selectContactsByNameTest()[pri:2, instance:com.crm.qa.testCases.ContactsPageTest@11bdc27]" name="selectContactsByNameTest" duration-ms="10073" started-at="2018-06-07T11:22:28Z" finished-at="2018-06-07T11:22:39Z">
          <exception class="org.openqa.selenium.NoSuchElementException">
            <message>
              <![CDATA[Unable to locate element: //a[text()='aaa aaa']/..//preceding-sibling::td/input
For documentation on this error, please visit: http://seleniumhq.org/exceptions/no_such_element.html
Build info: version: '3.5.3', revision: 'a88d25fe6b', time: '2017-08-29T12:42:44.417Z'
System info: host: 'CSIR2-PC', ip: '10.43.18.100', os.name: 'Windows 7', os.arch: 'x86', os.version: '6.1', java.version: '1.8.0_171'
Driver info: org.openqa.selenium.firefox.FirefoxDriver
Capabilities [{moz:profile=C:\Users\user\AppData\Local\Temp\rust_mozprofile.GKGz9u7zAoJ4, rotatable=false, timeouts={implicit=0, pageLoad=300000, script=30000}, pageLoadStrategy=normal, platform=XP, specificationLevel=0, moz:accessibilityChecks=false, acceptInsecureCerts=false, browserVersion=54.0, platformVersion=6.1, moz:processID=4288, browserName=firefox, javascriptEnabled=true, platformName=XP}]
Session ID: 1b534c7f-5051-4434-b7cd-73b1faa1cfcf
*** Element info: {Using=xpath, value=//a[text()='aaa aaa']/..//preceding-sibling::td/input}]]>
            </message>
            <full-stacktrace>
              <![CDATA[org.openqa.selenium.NoSuchElementException: Unable to locate element: //a[text()='aaa aaa']/..//preceding-sibling::td/input
For documentation on this error, please visit: http://seleniumhq.org/exceptions/no_such_element.html
Build info: version: '3.5.3', revision: 'a88d25fe6b', time: '2017-08-29T12:42:44.417Z'
System info: host: 'CSIR2-PC', ip: '10.43.18.100', os.name: 'Windows 7', os.arch: 'x86', os.version: '6.1', java.version: '1.8.0_171'
Driver info: org.openqa.selenium.firefox.FirefoxDriver
Capabilities [{moz:profile=C:\Users\user\AppData\Local\Temp\rust_mozprofile.GKGz9u7zAoJ4, rotatable=false, timeouts={implicit=0, pageLoad=300000, script=30000}, pageLoadStrategy=normal, platform=XP, specificationLevel=0, moz:accessibilityChecks=false, acceptInsecureCerts=false, browserVersion=54.0, platformVersion=6.1, moz:processID=4288, browserName=firefox, javascriptEnabled=true, platformName=XP}]
Session ID: 1b534c7f-5051-4434-b7cd-73b1faa1cfcf
*** Element info: {Using=xpath, value=//a[text()='aaa aaa']/..//preceding-sibling::td/input}
at sun.reflect.NativeConstructorAccessorImpl.newInstance0(Native Method)
at sun.reflect.NativeConstructorAccessorImpl.newInstance(NativeConstructorAccessorImpl.java:62)
at sun.reflect.DelegatingConstructorAccessorImpl.newInstance(DelegatingConstructorAccessorImpl.java:45)
at java.lang.reflect.Constructor.newInstance(Constructor.java:423)
at org.openqa.selenium.remote.http.W3CHttpResponseCodec.createException(W3CHttpResponseCodec.java:185)
at org.openqa.selenium.remote.http.W3CHttpResponseCodec.decode(W3CHttpResponseCodec.java:120)
at org.openqa.selenium.remote.http.W3CHttpResponseCodec.decode(W3CHttpResponseCodec.java:49)
at org.openqa.selenium.remote.HttpCommandExecutor.execute(HttpCommandExecutor.java:164)
at org.openqa.selenium.remote.service.DriverCommandExecutor.execute(DriverCommandExecutor.java:82)
at org.openqa.selenium.remote.RemoteWebDriver.execute(RemoteWebDriver.java:646)
at org.openqa.selenium.remote.RemoteWebDriver.findElement(RemoteWebDriver.java:416)
at org.openqa.selenium.remote.RemoteWebDriver.findElementByXPath(RemoteWebDriver.java:518)
at org.openqa.selenium.By$ByXPath.findElement(By.java:361)
at org.openqa.selenium.remote.RemoteWebDriver.findElement(RemoteWebDriver.java:408)
at sun.reflect.GeneratedMethodAccessor4.invoke(Unknown Source)
at sun.reflect.DelegatingMethodAccessorImpl.invoke(DelegatingMethodAccessorImpl.java:43)
at java.lang.reflect.Method.invoke(Method.java:498)
at org.openqa.selenium.support.events.EventFiringWebDriver$2.invoke(EventFiringWebDriver.java:105)
at com.sun.proxy.$Proxy14.findElement(Unknown Source)
at org.openqa.selenium.support.events.EventFiringWebDriver.findElement(EventFiringWebDriver.java:189)
at com.crm.qa.pages.ContactsPage.validateselectContactsByName(ContactsPage.java:53)
at com.crm.qa.testCases.ContactsPageTest.selectContactsByNameTest(ContactsPageTest.java:65)
at sun.reflect.NativeMethodAccessorImpl.invoke0(Native Method)
at sun.reflect.NativeMethodAccessorImpl.invoke(NativeMethodAccessorImpl.java:62)
at sun.reflect.DelegatingMethodAccessorImpl.invoke(DelegatingMethodAccessorImpl.java:43)
at java.lang.reflect.Method.invoke(Method.java:498)
at org.testng.internal.MethodInvocationHelper.invokeMethod(MethodInvocationHelper.java:124)
at org.testng.internal.Invoker.invokeMethod(Invoker.java:583)
at org.testng.internal.Invoker.invokeTestMethod(Invoker.java:719)
at org.testng.internal.Invoker.invokeTestMethods(Invoker.java:989)
at org.testng.internal.TestMethodWorker.invokeTestMethods(TestMethodWorker.java:125)
at org.testng.internal.TestMethodWorker.run(TestMethodWorker.java:109)
at org.testng.TestRunner.privateRun(TestRunner.java:648)
at org.testng.TestRunner.run(TestRunner.java:505)
at org.testng.SuiteRunner.runTest(SuiteRunner.java:455)
at org.testng.SuiteRunner.runSequentially(SuiteRunner.java:450)
at org.testng.SuiteRunner.privateRun(SuiteRunner.java:415)
at org.testng.SuiteRunner.run(SuiteRunner.java:364)
at org.testng.SuiteRunnerWorker.runSuite(SuiteRunnerWorker.java:52)
at org.testng.SuiteRunnerWorker.run(SuiteRunnerWorker.java:84)
at org.testng.TestNG.runSuitesSequentially(TestNG.java:1208)
at org.testng.TestNG.runSuitesLocally(TestNG.java:1137)
at org.testng.TestNG.runSuites(TestNG.java:1049)
at org.testng.TestNG.run(TestNG.java:1017)
at org.testng.remote.AbstractRemoteTestNG.run(AbstractRemoteTestNG.java:132)
at org.testng.remote.RemoteTestNG.initAndRun(RemoteTestNG.java:230)
at org.testng.remote.RemoteTestNG.main(RemoteTestNG.java:76)
]]>
            </full-stacktrace>
          </exception> <!-- org.openqa.selenium.NoSuchElementException -->
          <reporter-output>
          </reporter-output>
        </test-method> <!-- selectContactsByNameTest -->
        <test-method status="PASS" signature="tearDown()[pri:0, instance:com.crm.qa.testCases.ContactsPageTest@11bdc27]" name="tearDown" is-config="true" duration-ms="996" started-at="2018-06-07T11:22:39Z" finished-at="2018-06-07T11:22:40Z">
          <reporter-output>
          </reporter-output>
        </test-method> <!-- tearDown -->
        <test-method status="SKIP" signature="createNewContactTest(java.lang.String, java.lang.String, java.lang.String, java.lang.String)[pri:3, instance:com.crm.qa.testCases.ContactsPageTest@11bdc27]" name="createNewContactTest" duration-ms="0" started-at="2018-06-07T11:23:15Z" data-provider="data" finished-at="2018-06-07T11:23:15Z">
          <exception class="java.lang.RuntimeException">
            <message>
              <![CDATA[java.lang.NullPointerException: in is null]]>
            </message>
            <full-stacktrace>
              <![CDATA[java.lang.RuntimeException: java.lang.NullPointerException: in is null
at org.testng.internal.MethodInvocationHelper.invokeMethodNoCheckedException(MethodInvocationHelper.java:49)
at org.testng.internal.MethodInvocationHelper.invokeDataProvider(MethodInvocationHelper.java:131)
at org.testng.internal.Parameters.handleParameters(Parameters.java:706)
at org.testng.internal.ParameterHandler.handleParameters(ParameterHandler.java:49)
at org.testng.internal.ParameterHandler.createParameters(ParameterHandler.java:37)
at org.testng.internal.Invoker.invokeTestMethods(Invoker.java:924)
at org.testng.internal.TestMethodWorker.invokeTestMethods(TestMethodWorker.java:125)
at org.testng.internal.TestMethodWorker.run(TestMethodWorker.java:109)
at org.testng.TestRunner.privateRun(TestRunner.java:648)
at org.testng.TestRunner.run(TestRunner.java:505)
at org.testng.SuiteRunner.runTest(SuiteRunner.java:455)
at org.testng.SuiteRunner.runSequentially(SuiteRunner.java:450)
at org.testng.SuiteRunner.privateRun(SuiteRunner.java:415)
at org.testng.SuiteRunner.run(SuiteRunner.java:364)
at org.testng.SuiteRunnerWorker.runSuite(SuiteRunnerWorker.java:52)
at org.testng.SuiteRunnerWorker.run(SuiteRunnerWorker.java:84)
at org.testng.TestNG.runSuitesSequentially(TestNG.java:1208)
at org.testng.TestNG.runSuitesLocally(TestNG.java:1137)
at org.testng.TestNG.runSuites(TestNG.java:1049)
at org.testng.TestNG.run(TestNG.java:1017)
at org.testng.remote.AbstractRemoteTestNG.run(AbstractRemoteTestNG.java:132)
at org.testng.remote.RemoteTestNG.initAndRun(RemoteTestNG.java:230)
at org.testng.remote.RemoteTestNG.main(RemoteTestNG.java:76)
Caused by: java.lang.NullPointerException: in is null
at java.util.zip.ZipInputStream.<init>(ZipInputStream.java:101)
at java.util.zip.ZipInputStream.<init>(ZipInputStream.java:80)
at org.apache.poi.openxml4j.opc.ZipPackage.<init>(ZipPackage.java:83)
at org.apache.poi.openxml4j.opc.OPCPackage.open(OPCPackage.java:267)
at org.apache.poi.util.PackageHelper.open(PackageHelper.java:39)
at org.apache.poi.xssf.usermodel.XSSFWorkbook.<init>(XSSFWorkbook.java:204)
at com.crm.qa.util.TestUtil.getTestData(TestUtil.java:137)
at com.crm.qa.testCases.ContactsPageTest.getCRMTestData(ContactsPageTest.java:72)
at sun.reflect.NativeMethodAccessorImpl.invoke0(Native Method)
at sun.reflect.NativeMethodAccessorImpl.invoke(NativeMethodAccessorImpl.java:62)
at sun.reflect.DelegatingMethodAccessorImpl.invoke(DelegatingMethodAccessorImpl.java:43)
at java.lang.reflect.Method.invoke(Method.java:498)
at org.testng.internal.MethodInvocationHelper.invokeMethod(MethodInvocationHelper.java:124)
at org.testng.internal.MethodInvocationHelper.invokeMethod(MethodInvocationHelper.java:74)
at org.testng.internal.MethodInvocationHelper.invokeMethodNoCheckedException(MethodInvocationHelper.java:45)
... 22 more
]]>
            </full-stacktrace>
          </exception> <!-- java.lang.RuntimeException -->
          <reporter-output>
          </reporter-output>
        </test-method> <!-- createNewContactTest -->
      </class> <!-- com.crm.qa.testCases.ContactsPageTest -->
      <class name="com.crm.qa.testCases.LoginPageTest">
        <test-method status="PASS" signature="setUp()[pri:0, instance:com.crm.qa.testCases.LoginPageTest@18fdd99]" name="setUp" is-config="true" duration-ms="10391" started-at="2018-06-07T11:21:37Z" finished-at="2018-06-07T11:21:48Z">
          <reporter-output>
          </reporter-output>
        </test-method> <!-- setUp -->
        <test-method status="PASS" signature="loginPageTitleTest()[pri:1, instance:com.crm.qa.testCases.LoginPageTest@18fdd99]" name="loginPageTitleTest" duration-ms="21" started-at="2018-06-07T11:21:48Z" finished-at="2018-06-07T11:21:48Z">
          <reporter-output>
          </reporter-output>
        </test-method> <!-- loginPageTitleTest -->
        <test-method status="PASS" signature="tearDown()[pri:0, instance:com.crm.qa.testCases.LoginPageTest@18fdd99]" name="tearDown" is-config="true" duration-ms="534" started-at="2018-06-07T11:21:48Z" finished-at="2018-06-07T11:21:48Z">
          <reporter-output>
          </reporter-output>
        </test-method> <!-- tearDown -->
        <test-method status="PASS" signature="setUp()[pri:0, instance:com.crm.qa.testCases.LoginPageTest@18fdd99]" name="setUp" is-config="true" duration-ms="10613" started-at="2018-06-07T11:22:40Z" finished-at="2018-06-07T11:22:50Z">
          <reporter-output>
          </reporter-output>
        </test-method> <!-- setUp -->
        <test-method status="PASS" signature="crmLogoImageTest()[pri:2, instance:com.crm.qa.testCases.LoginPageTest@18fdd99]" name="crmLogoImageTest" duration-ms="95" started-at="2018-06-07T11:22:50Z" finished-at="2018-06-07T11:22:50Z">
          <reporter-output>
          </reporter-output>
        </test-method> <!-- crmLogoImageTest -->
        <test-method status="PASS" signature="tearDown()[pri:0, instance:com.crm.qa.testCases.LoginPageTest@18fdd99]" name="tearDown" is-config="true" duration-ms="643" started-at="2018-06-07T11:22:50Z" finished-at="2018-06-07T11:22:51Z">
          <reporter-output>
          </reporter-output>
        </test-method> <!-- tearDown -->
        <test-method status="PASS" signature="setUp()[pri:0, instance:com.crm.qa.testCases.LoginPageTest@18fdd99]" name="setUp" is-config="true" duration-ms="10457" started-at="2018-06-07T11:23:15Z" finished-at="2018-06-07T11:23:26Z">
          <reporter-output>
          </reporter-output>
        </test-method> <!-- setUp -->
        <test-method status="PASS" signature="loginTest()[pri:3, instance:com.crm.qa.testCases.LoginPageTest@18fdd99]" name="loginTest" duration-ms="8639" started-at="2018-06-07T11:23:26Z" finished-at="2018-06-07T11:23:34Z">
          <reporter-output>
          </reporter-output>
        </test-method> <!-- loginTest -->
        <test-method status="PASS" signature="tearDown()[pri:0, instance:com.crm.qa.testCases.LoginPageTest@18fdd99]" name="tearDown" is-config="true" duration-ms="613" started-at="2018-06-07T11:23:34Z" finished-at="2018-06-07T11:23:35Z">
          <reporter-output>
          </reporter-output>
        </test-method> <!-- tearDown -->
      </class> <!-- com.crm.qa.testCases.LoginPageTest -->
      <class name="com.crm.qa.testCases.DealsPageTest">
        <test-method status="PASS" signature="registerLogFile()[pri:0, instance:com.crm.qa.testCases.DealsPageTest@1d3b207]" name="registerLogFile" is-config="true" duration-ms="50" started-at="2018-06-07T11:20:38Z" finished-at="2018-06-07T11:20:38Z">
          <reporter-output>
          </reporter-output>
        </test-method> <!-- registerLogFile -->
        <test-method status="PASS" signature="setUp()[pri:0, instance:com.crm.qa.testCases.DealsPageTest@1d3b207]" name="setUp" is-config="true" duration-ms="29852" started-at="2018-06-07T11:20:38Z" finished-at="2018-06-07T11:21:08Z">
          <reporter-output>
          </reporter-output>
        </test-method> <!-- setUp -->
        <test-method status="PASS" signature="dealsLabelTest()[pri:1, instance:com.crm.qa.testCases.DealsPageTest@1d3b207]" name="dealsLabelTest" duration-ms="295" started-at="2018-06-07T11:21:08Z" finished-at="2018-06-07T11:21:08Z">
          <reporter-output>
          </reporter-output>
        </test-method> <!-- dealsLabelTest -->
        <test-method status="PASS" signature="tearDown()[pri:0, instance:com.crm.qa.testCases.DealsPageTest@1d3b207]" name="tearDown" is-config="true" duration-ms="1777" started-at="2018-06-07T11:21:08Z" finished-at="2018-06-07T11:21:10Z">
          <reporter-output>
          </reporter-output>
        </test-method> <!-- tearDown -->
        <test-method status="SKIP" signature="createNewDealsTest(java.lang.String, java.lang.String)[pri:2, instance:com.crm.qa.testCases.DealsPageTest@1d3b207]" name="createNewDealsTest" duration-ms="0" started-at="2018-06-07T11:22:08Z" data-provider="data" finished-at="2018-06-07T11:22:08Z">
          <exception class="java.lang.RuntimeException">
            <message>
              <![CDATA[java.lang.NullPointerException: in is null]]>
            </message>
            <full-stacktrace>
              <![CDATA[java.lang.RuntimeException: java.lang.NullPointerException: in is null
at org.testng.internal.MethodInvocationHelper.invokeMethodNoCheckedException(MethodInvocationHelper.java:49)
at org.testng.internal.MethodInvocationHelper.invokeDataProvider(MethodInvocationHelper.java:131)
at org.testng.internal.Parameters.handleParameters(Parameters.java:706)
at org.testng.internal.ParameterHandler.handleParameters(ParameterHandler.java:49)
at org.testng.internal.ParameterHandler.createParameters(ParameterHandler.java:37)
at org.testng.internal.Invoker.invokeTestMethods(Invoker.java:924)
at org.testng.internal.TestMethodWorker.invokeTestMethods(TestMethodWorker.java:125)
at org.testng.internal.TestMethodWorker.run(TestMethodWorker.java:109)
at org.testng.TestRunner.privateRun(TestRunner.java:648)
at org.testng.TestRunner.run(TestRunner.java:505)
at org.testng.SuiteRunner.runTest(SuiteRunner.java:455)
at org.testng.SuiteRunner.runSequentially(SuiteRunner.java:450)
at org.testng.SuiteRunner.privateRun(SuiteRunner.java:415)
at org.testng.SuiteRunner.run(SuiteRunner.java:364)
at org.testng.SuiteRunnerWorker.runSuite(SuiteRunnerWorker.java:52)
at org.testng.SuiteRunnerWorker.run(SuiteRunnerWorker.java:84)
at org.testng.TestNG.runSuitesSequentially(TestNG.java:1208)
at org.testng.TestNG.runSuitesLocally(TestNG.java:1137)
at org.testng.TestNG.runSuites(TestNG.java:1049)
at org.testng.TestNG.run(TestNG.java:1017)
at org.testng.remote.AbstractRemoteTestNG.run(AbstractRemoteTestNG.java:132)
at org.testng.remote.RemoteTestNG.initAndRun(RemoteTestNG.java:230)
at org.testng.remote.RemoteTestNG.main(RemoteTestNG.java:76)
Caused by: java.lang.NullPointerException: in is null
at java.util.zip.ZipInputStream.<init>(ZipInputStream.java:101)
at java.util.zip.ZipInputStream.<init>(ZipInputStream.java:80)
at org.apache.poi.openxml4j.opc.ZipPackage.<init>(ZipPackage.java:83)
at org.apache.poi.openxml4j.opc.OPCPackage.open(OPCPackage.java:267)
at org.apache.poi.util.PackageHelper.open(PackageHelper.java:39)
at org.apache.poi.xssf.usermodel.XSSFWorkbook.<init>(XSSFWorkbook.java:204)
at com.crm.qa.util.TestUtil.getTestData(TestUtil.java:137)
at com.crm.qa.testCases.DealsPageTest.getCRMTestData(DealsPageTest.java:59)
at sun.reflect.NativeMethodAccessorImpl.invoke0(Native Method)
at sun.reflect.NativeMethodAccessorImpl.invoke(NativeMethodAccessorImpl.java:62)
at sun.reflect.DelegatingMethodAccessorImpl.invoke(DelegatingMethodAccessorImpl.java:43)
at java.lang.reflect.Method.invoke(Method.java:498)
at org.testng.internal.MethodInvocationHelper.invokeMethod(MethodInvocationHelper.java:124)
at org.testng.internal.MethodInvocationHelper.invokeMethod(MethodInvocationHelper.java:74)
at org.testng.internal.MethodInvocationHelper.invokeMethodNoCheckedException(MethodInvocationHelper.java:45)
... 22 more
]]>
            </full-stacktrace>
          </exception> <!-- java.lang.RuntimeException -->
          <reporter-output>
          </reporter-output>
        </test-method> <!-- createNewDealsTest -->
      </class> <!-- com.crm.qa.testCases.DealsPageTest -->
    </test> <!-- Default test -->
  </suite> <!-- Default suite -->
</testng-results>
